<?xml version="1.0" encoding="UTF-8"?>
<!-- Generated by org.testng.reporters.JUnitXMLReporter -->
<testsuite hostname="Magdalenas-MacBook-Air.local" ignored="0" name="Test" tests="11" failures="1" timestamp="2020-04-17T12:02:50 CEST" time="42.16" errors="0">
  <testcase name="runScenario" time="28.413" classname="io.cucumber.testng.AbstractTestNGCucumberTests"/>
  <testcase name="runScenario" time="28.431" classname="io.cucumber.testng.AbstractTestNGCucumberTests"/>
  <testcase name="runScenario" time="29.488" classname="io.cucumber.testng.AbstractTestNGCucumberTests"/>
  <testcase name="runScenario" time="29.502" classname="io.cucumber.testng.AbstractTestNGCucumberTests"/>
  <testcase name="runScenario" time="29.551" classname="io.cucumber.testng.AbstractTestNGCucumberTests"/>
  <testcase name="runScenario" time="29.75" classname="io.cucumber.testng.AbstractTestNGCucumberTests"/>
  <testcase name="runScenario" time="30.395" classname="io.cucumber.testng.AbstractTestNGCucumberTests"/>
  <testcase name="runScenario" time="36.487" classname="io.cucumber.testng.AbstractTestNGCucumberTests"/>
  <testcase name="runScenario" time="9.564" classname="io.cucumber.testng.AbstractTestNGCucumberTests"/>
  <testcase name="runScenario" time="39.313" classname="io.cucumber.testng.AbstractTestNGCucumberTests"/>
  <testcase name="runScenario" time="40.765" classname="io.cucumber.testng.AbstractTestNGCucumberTests">
    <failure type="java.lang.AssertionError" message="There is a difference between the actual homePageModified image and the expected image did not expect to find [true] but found [false]">
      <![CDATA[java.lang.AssertionError: There is a difference between the actual homePageModified image and the expected image did not expect to find [true] but found [false]
at stepDefinitions.DemoQAStepDefinitions.ui_is_as_expected(DemoQAStepDefinitions.java:21)
at âœ½."homePageModified" UI is as expected(file:///Users/Juan/SeleniumProject/WebAutomation/src/test/java/features/ImageComparison.feature:8)
... Removed 3 stack frames]]>
    </failure>
  </testcase> <!-- runScenario -->
</testsuite> <!-- Test -->
