<?xml version="1.0" encoding="UTF-8"?>
<!-- Generated by org.testng.reporters.JUnitReportReporter -->
<testsuite skipped="0" hostname="Magdalenas-MacBook-Air.local" name="cucumberOptions.TestRunnerSerial" tests="2" failures="1" timestamp="2020-04-17T11:56:45 CEST" time="14.087" errors="0">
  <testcase name="runScenario" time="6.029" classname="cucumberOptions.TestRunnerSerial"/>
  <testcase name="runScenario" time="8.058" classname="cucumberOptions.TestRunnerSerial">
    <failure type="java.lang.AssertionError" message="Some data [Burj Khalifar, UAE, Dubai, 829m, 2010] is missing in the table did not expect to find [true] but found [false]">
      <![CDATA[java.lang.AssertionError: Some data [Burj Khalifar, UAE, Dubai, 829m, 2010] is missing in the table did not expect to find [true] but found [false]
at org.testng.Assert.fail(Assert.java:97)
at org.testng.Assert.failNotEquals(Assert.java:969)
at org.testng.Assert.assertTrue(Assert.java:43)
at stepDefinitions.WidgetStepDefinitions.structure_located_in_in_city_with_a_height_of_built_in(WidgetStepDefinitions.java:51)
at âœ½.structure Burj Khalifar located in UAE in city Dubai with a height of 829m built in 2010(file:///Users/Juan/SeleniumProject/WebAutomation/src/test/java/features/Widgets/Table.feature:6)
]]>
    </failure>
  </testcase> <!-- runScenario -->
</testsuite> <!-- cucumberOptions.TestRunnerSerial -->
