<?xml version="1.0" encoding="UTF-8"?>
<!-- Generated by org.testng.reporters.JUnitReportReporter -->
<testsuite skipped="0" hostname="Magdalenas-MacBook-Air.local" name="cucumberOptions.TestRunnerParallel" tests="8" failures="1" timestamp="2020-04-16T16:00:48 CEST" time="279.357" errors="0">
  <testcase name="runScenario" time="28.425" classname="cucumberOptions.TestRunnerParallel"/>
  <testcase name="runScenario" time="28.492" classname="cucumberOptions.TestRunnerParallel"/>
  <testcase name="runScenario" time="50.069" classname="cucumberOptions.TestRunnerParallel"/>
  <testcase name="runScenario" time="36.839" classname="cucumberOptions.TestRunnerParallel"/>
  <testcase name="runScenario" time="43.446" classname="cucumberOptions.TestRunnerParallel"/>
  <testcase name="runScenario" time="33.667" classname="cucumberOptions.TestRunnerParallel"/>
  <testcase name="runScenario" time="35.300" classname="cucumberOptions.TestRunnerParallel">
    <failure type="java.lang.AssertionError" message="There is a difference between the actual homePageModified image and the expected image did not expect to find [true] but found [false]">
      <![CDATA[java.lang.AssertionError: There is a difference between the actual homePageModified image and the expected image did not expect to find [true] but found [false]
at org.testng.Assert.fail(Assert.java:97)
at org.testng.Assert.failNotEquals(Assert.java:969)
at org.testng.Assert.assertTrue(Assert.java:43)
at stepDefinitions.DemoQAStepDefinitions.ui_is_as_expected(DemoQAStepDefinitions.java:21)
at âœ½."homePageModified" UI is as expected(file:///Users/Juan/SeleniumProject/WebAutomation/src/test/java/features/ImageComparison.feature:8)
]]>
    </failure>
  </testcase> <!-- runScenario -->
  <testcase name="runScenario" time="23.119" classname="cucumberOptions.TestRunnerParallel"/>
</testsuite> <!-- cucumberOptions.TestRunnerParallel -->
