<?xml version="1.0" encoding="UTF-8"?>
<!-- Generated by org.testng.reporters.JUnitReportReporter -->
<testsuite skipped="0" hostname="Magdalenas-MacBook-Air.local" name="cucumberOptions.TestRunnerParallelAll" tests="11" failures="1" timestamp="2020-04-17T12:02:50 CEST" time="331.659" errors="0">
  <testcase name="runScenario" time="39.313" classname="cucumberOptions.TestRunnerParallelAll"/>
  <testcase name="runScenario" time="28.413" classname="cucumberOptions.TestRunnerParallelAll"/>
  <testcase name="runScenario" time="40.765" classname="cucumberOptions.TestRunnerParallelAll">
    <failure type="java.lang.AssertionError" message="There is a difference between the actual homePageModified image and the expected image did not expect to find [true] but found [false]">
      <![CDATA[java.lang.AssertionError: There is a difference between the actual homePageModified image and the expected image did not expect to find [true] but found [false]
at org.testng.Assert.fail(Assert.java:97)
at org.testng.Assert.failNotEquals(Assert.java:969)
at org.testng.Assert.assertTrue(Assert.java:43)
at stepDefinitions.DemoQAStepDefinitions.ui_is_as_expected(DemoQAStepDefinitions.java:21)
at âœ½."homePageModified" UI is as expected(file:///Users/Juan/SeleniumProject/WebAutomation/src/test/java/features/ImageComparison.feature:8)
]]>
    </failure>
  </testcase> <!-- runScenario -->
  <testcase name="runScenario" time="29.488" classname="cucumberOptions.TestRunnerParallelAll"/>
  <testcase name="runScenario" time="29.551" classname="cucumberOptions.TestRunnerParallelAll"/>
  <testcase name="runScenario" time="30.395" classname="cucumberOptions.TestRunnerParallelAll"/>
  <testcase name="runScenario" time="28.431" classname="cucumberOptions.TestRunnerParallelAll"/>
  <testcase name="runScenario" time="29.750" classname="cucumberOptions.TestRunnerParallelAll"/>
  <testcase name="runScenario" time="9.564" classname="cucumberOptions.TestRunnerParallelAll"/>
  <testcase name="runScenario" time="29.502" classname="cucumberOptions.TestRunnerParallelAll"/>
  <testcase name="runScenario" time="36.487" classname="cucumberOptions.TestRunnerParallelAll"/>
</testsuite> <!-- cucumberOptions.TestRunnerParallelAll -->
